<?xml version="1.0" encoding="UTF-8"?>
<!-- Generated by org.testng.reporters.JUnitReportReporter -->
<testsuite hostname="DESKTOP-T2GVVGS" failures="0" tests="1" name="GitBashTest.GitBashPracticeTest" time="0.155" errors="0" timestamp="2022-06-01T12:03:19 IST" skipped="0">
  <testcase classname="GitBashTest.GitBashPracticeTest" name="gitBashPractice1" time="0.155"/>
  <system-out>
    <![CDATA[hi Dani]]>
  </system-out>
</testsuite> <!-- GitBashTest.GitBashPracticeTest -->
